Hmm ... looks like a package
Converting parsed Rd's to LaTeX .
Creating pdf output from LaTeX ...
Error in texi2dvi(file = file, pdf = TRUE, clean = clean, quiet = quiet,  : 
  Running 'texi2dvi' on 'Rd2.tex' failed.
Messages:
/opt/R/arm64/bin/texi2dvi: makeindex failed
Output:
This is pdfTeX, Version 3.141592653-2.6-1.40.28 (TeX Live 2025) (preloaded format=pdflatex)
 restricted \write18 enabled.
entering extended mode
LaTeX2e <2025-11-01>
L3 programming layer <2026-01-19>
(./Rd2.tex
(/Users/Guest_Aanensen/Library/TinyTeX/texmf-dist/tex/latex/base/book.cls
Document Class: book 2025/01/22 v1.4n Standard LaTeX document class
(/Users/Guest_Aanensen/Library/TinyTeX/texmf-dist/tex/latex/base/bk10.clo)) (/Library/Frameworks/R.framework/Resources/share/texmf/tex/latex/Rd.sty (/Users/Guest_Aanensen/Library/TinyTeX/texmf-dist/tex/latex/base/ifthen.sty) (/Users/Guest_Aanensen/Library/TinyTeX/texmf-dist/tex/generic/iftex/iftex.sty) (/Users/Guest_Aanensen/Library/TinyTeX/texmf-dist/tex/latex/tools/longtable.sty) (/Users/Guest_Aanensen/Library/TinyTeX/texmf-dist/tex/latex/tools/bm.sty) (/Users/Guest_Aanensen/Library/TinyTeX/texmf-dist/tex/latex/base/alltt.sty) (/Users/Guest_Aanensen/Library/TinyTeX/texmf-dist/tex/latex/tools/verbatim.sty) (/Users/Guest_Aanensen/Library/TinyTeX/texmf-dist/tex/latex/url/url.sty) (/Users/Guest_Aanensen/Library/TinyTeX/texmf-dist/tex/latex/base/textcomp.sty) (/Users/Guest_Aanensen/Library/TinyTeX/texmf-dist/tex/latex/amsmath/amsmath.sty
For additional information on amsmath, use the `?' option.
(/Users/Guest_Aanensen/Library/TinyTeX/texmf-dist/tex/latex/amsmath/amstext.sty (/Users/Guest_Aanensen/Library/TinyTeX/texmf-dist/tex/latex/amsmath/amsgen.sty)) (/Users/Guest_Aanensen/Library/TinyTeX/texmf-dist/tex/latex/amsmath/amsbsy.sty) (/Users/Guest_Aanensen/Library/TinyTeX/texmf-dist/tex/latex/amsmath/amsopn.sty)) (/Users/Guest_Aanensen/Library/TinyTeX/texmf-dist/tex/latex/amsfonts/amsfonts.sty) (/Users/Guest_Aanensen/Library/TinyTeX/texmf-dist/tex/latex/amsfonts/amssymb.sty) (/Users/Guest_Aanensen/Library/TinyTeX/texmf-dist/tex/latex/amsfonts/eucal.sty) (/Users/Guest_Aanensen/Library/TinyTeX/texmf-dist/tex/latex/base/fontenc.sty) (/Users/Guest_Aanensen/Library/TinyTeX/texmf-dist/tex/latex/psnfss/times.sty) (/Users/Guest_Aanensen/Library/TinyTeX/texmf-dist/tex/latex/inconsolata/zi4.sty `inconsolata-zi4' v1.12, 2019/05/17 Text macros for Inconsolata (msharpe) (/Users/Guest_Aanensen/Library/TinyTeX/texmf-dist/tex/latex/xkeyval/xkeyval.sty (/Users/Guest_Aanensen/Library/TinyTeX/texmf-dist/tex/generic/xkeyval/xkeyval.tex (/Users/Guest_Aanensen/Library/TinyTeX/texmf-dist/tex/generic/xkeyval/xkvutils.tex (/Users/Guest_Aanensen/Library/TinyTeX/texmf-dist/tex/generic/xkeyval/keyval.tex))))) (/Users/Guest_Aanensen/Library/TinyTeX/texmf-dist/tex/latex/graphics/color.sty (/Users/Guest_Aanensen/Library/TinyTeX/texmf-dist/tex/latex/graphics-cfg/color.cfg) (/Users/Guest_Aanensen/Library/TinyTeX/texmf-dist/tex/latex/graphics-def/pdftex.def) (/Users/Guest_Aanensen/Library/TinyTeX/texmf-dist/tex/latex/graphics/mathcolor.ltx)) (/Users/Guest_Aanensen/Library/TinyTeX/texmf-dist/tex/latex/hyperref/hyperref.sty (/Users/Guest_Aanensen/Library/TinyTeX/texmf-dist/tex/latex/kvsetkeys/kvsetkeys.sty) (/Users/Guest_Aanensen/Library/TinyTeX/texmf-dist/tex/generic/kvdefinekeys/kvdefinekeys.sty) (/Users/Guest_Aanensen/Library/TinyTeX/texmf-dist/tex/generic/pdfescape/pdfescape.sty (/Users/Guest_Aanensen/Library/TinyTeX/texmf-dist/tex/generic/ltxcmds/ltxcmds.sty) (/Users/Guest_Aanensen/Library/TinyTeX/texmf-dist/tex/generic/pdftexcmds/pdftexcmds.sty (/Users/Guest_Aanensen/Library/TinyTeX/texmf-dist/tex/generic/infwarerr/infwarerr.sty))) (/Users/Guest_Aanensen/Library/TinyTeX/texmf-dist/tex/latex/hycolor/hycolor.sty) (/Users/Guest_Aanensen/Library/TinyTeX/texmf-dist/tex/latex/hyperref/nameref.sty (/Users/Guest_Aanensen/Library/TinyTeX/texmf-dist/tex/latex/refcount/refcount.sty) (/Users/Guest_Aanensen/Library/TinyTeX/texmf-dist/tex/generic/gettitlestring/gettitlestring.sty (/Users/Guest_Aanensen/Library/TinyTeX/texmf-dist/tex/latex/kvoptions/kvoptions.sty))) (/Users/Guest_Aanensen/Library/TinyTeX/texmf-dist/tex/latex/etoolbox/etoolbox.sty) (/Users/Guest_Aanensen/Library/TinyTeX/texmf-dist/tex/generic/stringenc/stringenc.sty) (/Users/Guest_Aanensen/Library/TinyTeX/texmf-dist/tex/latex/hyperref/pd1enc.def) (/Users/Guest_Aanensen/Library/TinyTeX/texmf-dist/tex/generic/intcalc/intcalc.sty) (/Users/Guest_Aanensen/Library/TinyTeX/texmf-dist/tex/latex/hyperref/puenc.def) (/Users/Guest_Aanensen/Library/TinyTeX/texmf-dist/tex/generic/bitset/bitset.sty (/Users/Guest_Aanensen/Library/TinyTeX/texmf-dist/tex/generic/bigintcalc/bigintcalc.sty))) (/Users/Guest_Aanensen/Library/TinyTeX/texmf-dist/tex/latex/hyperref/hpdftex.def (/Users/Guest_Aanensen/Library/TinyTeX/texmf-dist/tex/latex/rerunfilecheck/rerunfilecheck.sty (/Users/Guest_Aanensen/Library/TinyTeX/texmf-dist/tex/generic/uniquecounter/uniquecounter.sty)))) (/Users/Guest_Aanensen/Library/TinyTeX/texmf-dist/tex/latex/base/makeidx.sty)
Writing index file Rd2.idx
(/Users/Guest_Aanensen/Library/TinyTeX/texmf-dist/tex/latex/psnfss/t1ptm.fd) (/Users/Guest_Aanensen/Library/TinyTeX/texmf-dist/tex/latex/l3backend/l3backend-pdftex.def) (/private/var/folders/dw/hgdycf2n03l8rzc9wngh9sxw0000gr/T/RtmpjHHn8u/Rd2pdf11f062ae93ea1/Rd2.aux) (/private/var/folders/dw/hgdycf2n03l8rzc9wngh9sxw0000gr/T/RtmpjHHn8u/Rd2pdf11f062ae93ea1/Rd2.out) (/private/var/folders/dw/hgdycf2n03l8rzc9wngh9sxw0000gr/T/RtmpjHHn8u/Rd2pdf11f062ae93ea1/Rd2.out) (/Users/Guest_Aanensen/Library/TinyTeX/texmf-dist/tex/latex/inconsolata/t1zi4.fd) (/private/var/folders/dw/hgdycf2n03l8rzc9wngh9sxw0000gr/T/RtmpjHHn8u/Rd2pdf11f062ae93ea1/Rd2.toc (/Users/Guest_Aanensen/Library/TinyTeX/texmf-dist/tex/latex/amsfonts/umsa.fd) (/Users/Guest_Aanensen/Library/TinyTeX/texmf-dist/tex/latex/amsfonts/umsb.fd)) [1{/Users/Guest_Aanensen/Library/TinyTeX/texmf-var/fonts/map/pdftex/updmap/pdftex.map}{/Users/Guest_Aanensen/Library/TinyTeX/texmf-dist/fonts/enc/dvips/base/8r.enc}{/Users/Guest_Aanensen/Library/TinyTeX/texmf-dist/fonts/enc/dvips/inconsolata/i4-t1-0.enc}] (/Users/Guest_Aanensen/Library/TinyTeX/texmf-dist/tex/latex/inconsolata/ts1zi4.fd) [2{/Users/Guest_Aanensen/Library/TinyTeX/texmf-dist/fonts/enc/dvips/inconsolata/i4-ts1.enc}]
Overfull \hbox (41.27168pt too wide) in paragraph at lines 118--118
 []\T1/zi4/m/n/9 count_carb_gene_combinations_plot(masterdata, "~/git_repos/GenepiK/test_output/", legend_size= 20) 
[3]
Overfull \hbox (3.76756pt too wide) in paragraph at lines 160--164
\T1/ptm/m/n/10 of drugs, faceted by a car-bapenem re-sis-tance group based on the pres-ence of the 'Bla_Carb_acquired'
[4] [5] [6]
Overfull \hbox (30.69884pt too wide) in paragraph at lines 346--348
[]\T1/ptm/m/n/10 A data frame con-tain-ing at least []\T1/zi4/m/n/10 ghru_id[]\T1/ptm/m/n/10 , []\T1/zi4/m/n/10 Isolate_type[]\T1/ptm/m/n/10 , []\T1/zi4/m/n/10 ST[]\T1/ptm/m/n/10 , and []\T1/zi4/m/n/10 Bla_Carb_acquired[]\T1/ptm/m/n/10 . 
[7] [8] [9]
No file Rd2.ind.
[10] (/private/var/folders/dw/hgdycf2n03l8rzc9wngh9sxw0000gr/T/RtmpjHHn8u/Rd2pdf11f062ae93ea1/Rd2.aux) )
(see the transcript file for additional information)</Users/Guest_Aanensen/Library/TinyTeX/texmf-dist/fonts/type1/public/inconsolata/Inconsolata-zi4r.pfb></Users/Guest_Aanensen/Library/TinyTeX/texmf-dist/fonts/type1/urw/times/utmb8a.pfb></Users/Guest_Aanensen/Library/TinyTeX/texmf-dist/fonts/type1/urw/times/utmr8a.pfb></Users/Guest_Aanensen/Library/TinyTeX/texmf-dist/fonts/type1/urw/times/utmr8a.pfb></Users/Guest_Aanensen/Library/TinyTeX/texmf-dist/fonts/type1/urw/times/utmri8a.pfb>
Output written on Rd2.pdf (10 pages, 93507 bytes).
Transcript written on Rd2.log.
/opt/R/arm64/bin/texi2dvi: line 366: makeindex: command not found

This is pdfTeX, Version 3.141592653-2.6-1.40.28 (TeX Live 2025) (preloaded format=pdflatex)
 restricted \write18 enabled.
entering extended mode
LaTeX2e <2025-11-01>
L3 programming layer <2026-01-19>
(./Rd2.tex
(/Users/Guest_Aanensen/Library/TinyTeX/texmf-dist/tex/latex/base/book.cls
Document Class: book 2025/01/22 v1.4n Standard LaTeX document class
(/Users/Guest_Aanensen/Library/TinyTeX/texmf-dist/tex/latex/base/bk10.clo)) (/Library/Frameworks/R.framework/Resources/share/texmf/tex/latex/Rd.sty (/Users/Guest_Aanensen/Library/TinyTeX/texmf-dist/tex/latex/base/ifthen.sty) (/Users/Guest_Aanensen/Library/TinyTeX/texmf-dist/tex/generic/iftex/iftex.sty) (/Users/Guest_Aanensen/Library/TinyTeX/texmf-dist/tex/latex/tools/longtable.sty) (/Users/Guest_Aanensen/Library/TinyTeX/texmf-dist/tex/latex/tools/bm.sty) (/Users/Guest_Aanensen/Library/TinyTeX/texmf-dist/tex/latex/base/alltt.sty) (/Users/Guest_Aanensen/Library/TinyTeX/texmf-dist/tex/latex/tools/verbatim.sty) (/Users/Guest_Aanensen/Library/TinyTeX/texmf-dist/tex/latex/url/url.sty) (/Users/Guest_Aanensen/Library/TinyTeX/texmf-dist/tex/latex/base/textcomp.sty) (/Users/Guest_Aanensen/Library/TinyTeX/texmf-dist/tex/latex/amsmath/amsmath.sty
For additional information on amsmath, use the `?' option.
(/Users/Guest_Aanensen/Library/TinyTeX/texmf-dist/tex/latex/amsmath/amstext.sty (/Users/Guest_Aanensen/Library/TinyTeX/texmf-dist/tex/latex/amsmath/amsgen.sty)) (/Users/Guest_Aanensen/Library/TinyTeX/texmf-dist/tex/latex/amsmath/amsbsy.sty) (/Users/Guest_Aanensen/Library/TinyTeX/texmf-dist/tex/latex/amsmath/amsopn.sty)) (/Users/Guest_Aanensen/Library/TinyTeX/texmf-dist/tex/latex/amsfonts/amsfonts.sty) (/Users/Guest_Aanensen/Library/TinyTeX/texmf-dist/tex/latex/amsfonts/amssymb.sty) (/Users/Guest_Aanensen/Library/TinyTeX/texmf-dist/tex/latex/amsfonts/eucal.sty) (/Users/Guest_Aanensen/Library/TinyTeX/texmf-dist/tex/latex/base/fontenc.sty) (/Users/Guest_Aanensen/Library/TinyTeX/texmf-dist/tex/latex/psnfss/times.sty) (/Users/Guest_Aanensen/Library/TinyTeX/texmf-dist/tex/latex/inconsolata/zi4.sty `inconsolata-zi4' v1.12, 2019/05/17 Text macros for Inconsolata (msharpe) (/Users/Guest_Aanensen/Library/TinyTeX/texmf-dist/tex/latex/xkeyval/xkeyval.sty (/Users/Guest_Aanensen/Library/TinyTeX/texmf-dist/tex/generic/xkeyval/xkeyval.tex (/Users/Guest_Aanensen/Library/TinyTeX/texmf-dist/tex/generic/xkeyval/xkvutils.tex (/Users/Guest_Aanensen/Library/TinyTeX/texmf-dist/tex/generic/xkeyval/keyval.tex))))) (/Users/Guest_Aanensen/Library/TinyTeX/texmf-dist/tex/latex/graphics/color.sty (/Users/Guest_Aanensen/Library/TinyTeX/texmf-dist/tex/latex/graphics-cfg/color.cfg) (/Users/Guest_Aanensen/Library/TinyTeX/texmf-dist/tex/latex/graphics-def/pdftex.def) (/Users/Guest_Aanensen/Library/TinyTeX/texmf-dist/tex/latex/graphics/mathcolor.ltx)) (/Users/Guest_Aanensen/Library/TinyTeX/texmf-dist/tex/latex/hyperref/hyperref.sty (/Users/Guest_Aanensen/Library/TinyTeX/texmf-dist/tex/latex/kvsetkeys/kvsetkeys.sty) (/Users/Guest_Aanensen/Library/TinyTeX/texmf-dist/tex/generic/kvdefinekeys/kvdefinekeys.sty) (/Users/Guest_Aanensen/Library/TinyTeX/texmf-dist/tex/generic/pdfescape/pdfescape.sty (/Users/Guest_Aanensen/Library/TinyTeX/texmf-dist/tex/generic/ltxcmds/ltxcmds.sty) (/Users/Guest_Aanensen/Library/TinyTeX/texmf-dist/tex/generic/pdftexcmds/pdftexcmds.sty (/Users/Guest_Aanensen/Library/TinyTeX/texmf-dist/tex/generic/infwarerr/infwarerr.sty))) (/Users/Guest_Aanensen/Library/TinyTeX/texmf-dist/tex/latex/hycolor/hycolor.sty) (/Users/Guest_Aanensen/Library/TinyTeX/texmf-dist/tex/latex/hyperref/nameref.sty (/Users/Guest_Aanensen/Library/TinyTeX/texmf-dist/tex/latex/refcount/refcount.sty) (/Users/Guest_Aanensen/Library/TinyTeX/texmf-dist/tex/generic/gettitlestring/gettitlestring.sty (/Users/Guest_Aanensen/Library/TinyTeX/texmf-dist/tex/latex/kvoptions/kvoptions.sty))) (/Users/Guest_Aanensen/Library/TinyTeX/texmf-dist/tex/latex/etoolbox/etoolbox.sty) (/Users/Guest_Aanensen/Library/TinyTeX/texmf-dist/tex/generic/stringenc/stringenc.sty) (/Users/Guest_Aanensen/Library/TinyTeX/texmf-dist/tex/latex/hyperref/pd1enc.def) (/Users/Guest_Aanensen/Library/TinyTeX/texmf-dist/tex/generic/intcalc/intcalc.sty) (/Users/Guest_Aanensen/Library/TinyTeX/texmf-dist/tex/latex/hyperref/puenc.def) (/Users/Guest_Aanensen/Library/TinyTeX/texmf-dist/tex/generic/bitset/bitset.sty (/Users/Guest_Aanensen/Library/TinyTeX/texmf-dist/tex/generic/bigintcalc/bigintcalc.sty))) (/Users/Guest_Aanensen/Library/TinyTeX/texmf-dist/tex/latex/hyperref/hpdftex.def (/Users/Guest_Aanensen/Library/TinyTeX/texmf-dist/tex/latex/rerunfilecheck/rerunfilecheck.sty (/Users/Guest_Aanensen/Library/TinyTeX/texmf-dist/tex/generic/uniquecounter/uniquecounter.sty)))) (/Users/Guest_Aanensen/Library/TinyTeX/texmf-dist/tex/latex/base/makeidx.sty)
Writing index file Rd2.idx
(/Users/Guest_Aanensen/Library/TinyTeX/texmf-dist/tex/latex/psnfss/t1ptm.fd) (/Users/Guest_Aanensen/Library/TinyTeX/texmf-dist/tex/latex/l3backend/l3backend-pdftex.def) (/private/var/folders/dw/hgdycf2n03l8rzc9wngh9sxw0000gr/T/RtmpjHHn8u/Rd2pdf11f062ae93ea1/Rd2.aux) (/private/var/folders/dw/hgdycf2n03l8rzc9wngh9sxw0000gr/T/RtmpjHHn8u/Rd2pdf11f062ae93ea1/Rd2.out) (/private/var/folders/dw/hgdycf2n03l8rzc9wngh9sxw0000gr/T/RtmpjHHn8u/Rd2pdf11f062ae93ea1/Rd2.out) (/Users/Guest_Aanensen/Library/TinyTeX/texmf-dist/tex/latex/inconsolata/t1zi4.fd) (/private/var/folders/dw/hgdycf2n03l8rzc9wngh9sxw0000gr/T/RtmpjHHn8u/Rd2pdf11f062ae93ea1/Rd2.toc (/Users/Guest_Aanensen/Library/TinyTeX/texmf-dist/tex/latex/amsfonts/umsa.fd) (/Users/Guest_Aanensen/Library/TinyTeX/texmf-dist/tex/latex/amsfonts/umsb.fd)) [1{/Users/Guest_Aanensen/Library/TinyTeX/texmf-var/fonts/map/pdftex/updmap/pdftex.map}{/Users/Guest_Aanensen/Library/TinyTeX/texmf-dist/fonts/enc/dvips/base/8r.enc}{/Users/Guest_Aanensen/Library/TinyTeX/texmf-dist/fonts/enc/dvips/inconsolata/i4-t1-0.enc}] (/Users/Guest_Aanensen/Library/TinyTeX/texmf-dist/tex/latex/inconsolata/ts1zi4.fd) [2{/Users/Guest_Aanensen/Library/TinyTeX/texmf-dist/fonts/enc/dvips/inconsolata/i4-ts1.enc}]
Overfull \hbox (41.27168pt too wide) in paragraph at lines 118--118
 []\T1/zi4/m/n/9 count_carb_gene_combinations_plot(masterdata, "~/git_repos/GenepiK/test_output/", legend_size= 20) 
[3]
Overfull \hbox (3.76756pt too wide) in paragraph at lines 160--164
\T1/ptm/m/n/10 of drugs, faceted by a car-bapenem re-sis-tance group based on the pres-ence of the 'Bla_Carb_acquired'
[4] [5] [6]
Overfull \hbox (30.69884pt too wide) in paragraph at lines 346--348
[]\T1/ptm/m/n/10 A data frame con-tain-ing at least []\T1/zi4/m/n/10 ghru_id[]\T1/ptm/m/n/10 , []\T1/zi4/m/n/10 Isolate_type[]\T1/ptm/m/n/10 , []\T1/zi4/m/n/10 ST[]\T1/ptm/m/n/10 , and []\T1/zi4/m/n/10 Bla_Carb_acquired[]\T1/ptm/m/n/10 . 
[7] [8] [9]
No file Rd2.ind.
[10] (/private/var/folders/dw/hgdycf2n03l8rzc9wngh9sxw0000gr/T/RtmpjHHn8u/Rd2pdf11f062ae93ea1/Rd2.aux) )
(see the transcript file for additional information)</Users/Guest_Aanensen/Library/TinyTeX/texmf-dist/fonts/type1/public/inconsolata/Inconsolata-zi4r.pfb></Users/Guest_Aanensen/Library/TinyTeX/texmf-dist/fonts/type1/urw/times/utmb8a.pfb></Users/Guest_Aanensen/Library/TinyTeX/texmf-dist/fonts/type1/urw/times/utmr8a.pfb></Users/Guest_Aanensen/Library/TinyTeX/texmf-dist/fonts/type1/urw/times/utmr8a.pfb></Users/Guest_Aanensen/Library/TinyTeX/texmf-dist/fonts/type1/urw/times/utmri8a.pfb>
Output written on Rd2.pdf (10 pages, 93511 bytes).
Transcript written on Rd2.log.
Saving output to ‘GenepiK-manual.pdf’ ...
Done
You may want to clean up by 'rm -Rf /var/folders/dw/hgdycf2n03l8rzc9wngh9sxw0000gr/T//RtmpjHHn8u/Rd2pdf11f062ae93ea1'
